<?xml version="1.0" encoding="UTF-8"?>
<testng-results ignored="0" total="1" passed="1" failed="0" skipped="0">
  <reporter-output>
    <line>
      <![CDATA[webpage launched]]>
    </line>
  </reporter-output>
  <suite started-at="2024-06-03T09:06:41 IST" name="Default suite" finished-at="2024-06-03T09:06:50 IST" duration-ms="9333">
    <groups>
    </groups>
    <test started-at="2024-06-03T09:06:41 IST" name="Default test" finished-at="2024-06-03T09:06:50 IST" duration-ms="9333">
      <class name="login.TestScript">
        <test-method is-config="true" signature="launchBrowser()[pri:0, instance:login.TestScript@28701274]" started-at="2024-06-03T09:06:41 IST" name="launchBrowser" finished-at="2024-06-03T09:06:49 IST" duration-ms="8730" status="PASS">
          <reporter-output>
          </reporter-output>
        </test-method> <!-- launchBrowser -->
        <test-method is-config="true" signature="login()[pri:0, instance:login.TestScript@28701274]" started-at="2024-06-03T09:06:49 IST" name="login" finished-at="2024-06-03T09:06:49 IST" duration-ms="1" status="PASS">
          <reporter-output>
          </reporter-output>
        </test-method> <!-- login -->
        <test-method signature="execute()[pri:0, instance:login.TestScript@28701274]" started-at="2024-06-03T09:06:49 IST" name="execute" finished-at="2024-06-03T09:06:49 IST" duration-ms="25" status="PASS">
          <reporter-output>
            <line>
              <![CDATA[webpage launched]]>
            </line>
          </reporter-output>
        </test-method> <!-- execute -->
      </class> <!-- login.TestScript -->
    </test> <!-- Default test -->
  </suite> <!-- Default suite -->
</testng-results>
